<?xml version="1.0" encoding="UTF-8"?>
<testsuite name="com.example.ApplicationTest" tests="2" skipped="0" failures="0" errors="0" timestamp="2026-04-12T13:52:23" hostname="Stefanias-MacBook-Air.local" time="0.328">
  <properties/>
  <testcase name="healthEndpointReturnsOk()" classname="com.example.ApplicationTest" time="0.297"/>
  <testcase name="eventCrudFlowWorks()" classname="com.example.ApplicationTest" time="0.03"/>
  <system-out><![CDATA[16:52:23.533 [DefaultDispatcher-worker-1 @call-context#2] INFO ktor.test -- No ktor.deployment.watch patterns specified, automatic reload is not active.
16:52:23.563 [DefaultDispatcher-worker-1 @call-context#2] INFO ktor.test -- Application started in 0.034 seconds.
16:52:23.564 [DefaultDispatcher-worker-2 @coroutine#4] INFO ktor.test -- Responding at http://localhost:80
16:52:23.564 [DefaultDispatcher-worker-2 @coroutine#4] INFO ktor.test -- Responding at https://localhost:443
16:52:23.729 [DefaultDispatcher-worker-3 @call-context#11] INFO ktor.test -- No ktor.deployment.watch patterns specified, automatic reload is not active.
16:52:23.730 [DefaultDispatcher-worker-3 @call-context#11] INFO ktor.test -- Application started in 0.001 seconds.
16:52:23.731 [DefaultDispatcher-worker-1 @coroutine#13] INFO ktor.test -- Responding at http://localhost:80
16:52:23.731 [DefaultDispatcher-worker-1 @coroutine#13] INFO ktor.test -- Responding at https://localhost:443
]]></system-out>
  <system-err><![CDATA[]]></system-err>
</testsuite>
